Nameservice Startzeit: 27.10 10:56:31,181| mit PID <0.39.0> registriert mit Namen 'nameservice'.
lookup um 27.10 11:32:57,075| von <6701.39.0>:not_found.
lookup um 27.10 11:50:12,646| von <6701.52.0>:not_found.
lookup um 27.10 11:51:23,652| von <6701.37.0>:not_found.
lookup um 27.10 11:54:50,403| von <6701.37.0>:not_found.
Nameservice Startzeit: 27.10 11:56:01,048| mit PID <0.39.0> registriert mit Namen 'nameservice'.
rebind um 27.10 11:56:32,713| von <6700.37.0>: {chef,coord@ws-93-3.haw-1x.haw-hamburg.de}.
lookup um 27.10 11:56:38,216| von <6702.50.0>:{chef,coord@ws-93-3.haw-1x.haw-hamburg.de}.
rebind um 27.10 11:58:00,872| von <6700.37.0>: {chef,coord@ws-93-3.haw-1x.haw-hamburg.de}.
lookup um 27.10 11:58:08,541| von <6702.39.0>:{chef,coord@ws-93-3.haw-1x.haw-hamburg.de}.
lookup um 27.10 12:00:20,823| von <6702.37.0>:{chef,coord@ws-93-3.haw-1x.haw-hamburg.de}.
lookup um 27.10 12:01:08,096| von <6702.37.0>:{chef,coord@ws-93-3.haw-1x.haw-hamburg.de}.
lookup um 27.10 12:02:49,598| von <6702.37.0>:{chef,coord@ws-93-3.haw-1x.haw-hamburg.de}.
lookup um 27.10 12:04:26,876| von <6702.37.0>:{chef,coord@ws-93-3.haw-1x.haw-hamburg.de}.
lookup um 27.10 12:05:02,192| von <6702.37.0>:{chef,coord@ws-93-3.haw-1x.haw-hamburg.de}.
lookup um 27.10 12:07:59,259| von <6702.37.0>:{chef,coord@ws-93-3.haw-1x.haw-hamburg.de}.
rebind um 27.10 12:07:59,309| von <6702.51.0>: {48821,starterA@ws-93-3.haw-1x.haw-hamburg.de}.
rebind um 27.10 12:07:59,310| von <6702.52.0>: {48831,starterA@ws-93-3.haw-1x.haw-hamburg.de}.
rebind um 27.10 12:07:59,315| von <6702.50.0>: {48811,starterA@ws-93-3.haw-1x.haw-hamburg.de}.
lookup um 27.10 12:09:24,369| von <6702.37.0>:{chef,coord@ws-93-3.haw-1x.haw-hamburg.de}.
